Name                                                                       Stmts   Miss  Cover   Missing
--------------------------------------------------------------------------------------------------------
catalog/__init__.py                                                            0      0   100%
catalog/admin.py                                                              24      0   100%
catalog/apps.py                                                                4      0   100%
catalog/forms.py                                                              13      0   100%
catalog/migrations/0001_initial.py                                             8      0   100%
catalog/migrations/0002_alter_genre_name.py                                    4      0   100%
catalog/migrations/0003_language_delete_mymodelname_book_language.py           5      0   100%
catalog/migrations/0004_rename_date_of_birth_author_birth.py                   4      0   100%
catalog/migrations/0005_rename_birth_author_date_of_birth.py                   4      0   100%
catalog/migrations/0006_alter_author_date_of_birth.py                          4      0   100%
catalog/migrations/0007_alter_author_date_of_birth.py                          4      0   100%
catalog/migrations/0008_alter_author_date_of_death.py                          4      0   100%
catalog/migrations/0009_alter_book_options_alter_author_date_of_death.py       4      0   100%
catalog/migrations/0010_bookinstance_borrower.py                               6      0   100%
catalog/migrations/0011_alter_bookinstance_options.py                          4      0   100%
catalog/migrations/0012_alter_author_date_of_death.py                          4      0   100%
catalog/migrations/__init__.py                                                 0      0   100%
catalog/models.py                                                             64      2    97%   29, 52
catalog/urls.py                                                                6      0   100%
catalog/views.py                                                             105      1    99%   168
--------------------------------------------------------------------------------------------------------
TOTAL                                                                        271      3    99%
